\BOOKMARK [0][-]{part.1}{I Programmable Logic Devices}{}% 1
\BOOKMARK [1][-]{section.1}{Laboratory Lecture 1: VHDL}{part.1}% 2
\BOOKMARK [2][-]{subsection.1.1}{Introduction}{section.1}% 3
\BOOKMARK [3][-]{subsubsection.1.1.1}{Library}{subsection.1.1}% 4
\BOOKMARK [3][-]{subsubsection.1.1.2}{Entity}{subsection.1.1}% 5
\BOOKMARK [3][-]{subsubsection.1.1.3}{Architecture}{subsection.1.1}% 6
\BOOKMARK [2][-]{subsection.1.2}{Exercise 1: Temperature Controlled LED Indicator}{section.1}% 7
\BOOKMARK [1][-]{section.2}{Laboratory Lecture 2: Flip Flops}{part.1}% 8
\BOOKMARK [2][-]{subsection.2.1}{Introduction}{section.2}% 9
\BOOKMARK [3][-]{subsubsection.2.1.1}{JK Flip Flops}{subsection.2.1}% 10
\BOOKMARK [2][-]{subsection.2.2}{Exercise 1: JK Flip Flop}{section.2}% 11
\BOOKMARK [3][-]{subsubsection.2.2.1}{Asynchronous PRE and CLR effect on Q}{subsection.2.2}% 12
\BOOKMARK [3][-]{subsubsection.2.2.2}{Synchronous J and K effect on Q}{subsection.2.2}% 13
\BOOKMARK [2][-]{subsection.2.3}{Exercise 2: T Flip Flop from JK Flip Flop}{section.2}% 14
\BOOKMARK [2][-]{subsection.2.4}{Exercise 3: T Flip Flop Asynchronous counter}{section.2}% 15
\BOOKMARK [1][-]{section.3}{Laboratory Lecture 2 BIS: 555 Timer}{part.1}% 16
\BOOKMARK [2][-]{subsection.3.1}{Introduction}{section.3}% 17
\BOOKMARK [3][-]{subsubsection.3.1.1}{Astable Multivibrator}{subsection.3.1}% 18
\BOOKMARK [3][-]{subsubsection.3.1.2}{Monostable Multivibrator}{subsection.3.1}% 19
\BOOKMARK [2][-]{subsection.3.2}{555 Timer}{section.3}% 20
\BOOKMARK [3][-]{subsubsection.3.2.1}{Astable 555}{subsection.3.2}% 21
\BOOKMARK [3][-]{subsubsection.3.2.2}{Monostable 555}{subsection.3.2}% 22
\BOOKMARK [2][-]{subsection.3.3}{Exercise 1: 555 as Astable Multivibrator}{section.3}% 23
\BOOKMARK [2][-]{subsection.3.4}{Exercise 2: 555 as Monostable Multivibrator}{section.3}% 24
\BOOKMARK [1][-]{section.4}{Laboratory Lecture 3: Stepper Motor Controller}{part.1}% 25
\BOOKMARK [2][-]{subsection.4.1}{Introduction}{section.4}% 26
\BOOKMARK [2][-]{subsection.4.2}{Exercise 1: Stepper Motor Controller}{section.4}% 27
\BOOKMARK [3][-]{subsubsection.4.2.1}{VHDL Code}{subsection.4.2}% 28
\BOOKMARK [4][-]{paragraph.4.2.1.1}{Full Step}{subsubsection.4.2.1}% 29
\BOOKMARK [4][-]{paragraph.4.2.1.2}{Wave Step}{subsubsection.4.2.1}% 30
\BOOKMARK [4][-]{paragraph.4.2.1.3}{Half Step}{subsubsection.4.2.1}% 31
\BOOKMARK [3][-]{subsubsection.4.2.2}{Proteus Simulation and Assembly}{subsection.4.2}% 32
\BOOKMARK [1][-]{section.5}{Laboratory Lecture 4: Stepper Motor Controller}{part.1}% 33
\BOOKMARK [2][-]{subsection.5.1}{Introduction}{section.5}% 34
\BOOKMARK [3][-]{subsubsection.5.1.1}{Finite State Machines}{subsection.5.1}% 35
\BOOKMARK [3][-]{subsubsection.5.1.2}{Incremental encoder}{subsection.5.1}% 36
\BOOKMARK [2][-]{subsection.5.2}{Exercise 1: Motor Control}{section.5}% 37
\BOOKMARK [1][-]{section.6}{Laboratory Lecture 5: Keypad Control}{part.1}% 38
\BOOKMARK [2][-]{subsection.6.1}{Introduction}{section.6}% 39
\BOOKMARK [3][-]{subsubsection.6.1.1}{Shift Registers}{subsection.6.1}% 40
\BOOKMARK [3][-]{subsubsection.6.1.2}{Counters}{subsection.6.1}% 41
\BOOKMARK [3][-]{subsubsection.6.1.3}{Keypad}{subsection.6.1}% 42
\BOOKMARK [3][-]{subsubsection.6.1.4}{7-segment Displays}{subsection.6.1}% 43
\BOOKMARK [2][-]{subsection.6.2}{Exercise 1: Ring Counter with 74HC194}{section.6}% 44
\BOOKMARK [3][-]{subsubsection.6.2.1}{General Description}{subsection.6.2}% 45
\BOOKMARK [3][-]{subsubsection.6.2.2}{Application: Ring Counter}{subsection.6.2}% 46
\BOOKMARK [2][-]{subsection.6.3}{Exercise 2: Ring Counter with VHDL}{section.6}% 47
\BOOKMARK [2][-]{subsection.6.4}{Exercise 3: 3x4 Keypad Control with VHDL}{section.6}% 48
\BOOKMARK [1][-]{section.7}{Laboratory Lecture 6: Safecode}{part.1}% 49
\BOOKMARK [2][-]{subsection.7.1}{Introduction: Random Access Memory}{section.7}% 50
\BOOKMARK [3][-]{subsubsection.7.1.1}{Chip description}{subsection.7.1}% 51
\BOOKMARK [4][-]{paragraph.7.1.1.1}{Control circuitry}{subsubsection.7.1.1}% 52
\BOOKMARK [4][-]{paragraph.7.1.1.2}{Address bus}{subsubsection.7.1.1}% 53
\BOOKMARK [4][-]{paragraph.7.1.1.3}{I/O bus}{subsubsection.7.1.1}% 54
\BOOKMARK [2][-]{subsection.7.2}{Exercise 1: Safecode}{section.7}% 55
\BOOKMARK [3][-]{subsubsection.7.2.1}{Writing Operation}{subsection.7.2}% 56
\BOOKMARK [3][-]{subsubsection.7.2.2}{FSM States Overview}{subsection.7.2}% 57
\BOOKMARK [1][-]{section.8}{Laboratory Lecture 8: Integrated Circuit Technologies}{part.1}% 58
\BOOKMARK [2][-]{subsection.8.1}{Introduction}{section.8}% 59
\BOOKMARK [3][-]{subsubsection.8.1.1}{Inverter Logic Gate: 74HCT04}{subsection.8.1}% 60
\BOOKMARK [3][-]{subsubsection.8.1.2}{BJT: BD315}{subsection.8.1}% 61
\BOOKMARK [2][-]{subsection.8.2}{Exercise 1: Light Control}{section.8}% 62
\BOOKMARK [0][-]{part.2}{II Microcontrollers}{}% 63
\BOOKMARK [1][-]{section.9}{Laboratory Lecture 1: Stepper Motor Controller}{part.2}% 64
\BOOKMARK [2][-]{subsection.9.1}{Introduction}{section.9}% 65
\BOOKMARK [2][-]{subsection.9.2}{Arduino}{section.9}% 66
\BOOKMARK [2][-]{subsection.9.3}{I/O Ports}{section.9}% 67
\BOOKMARK [2][-]{subsection.9.4}{C Applied to Microcontrollers}{section.9}% 68
\BOOKMARK [3][-]{subsubsection.9.4.1}{Reading from an I/O Register}{subsection.9.4}% 69
\BOOKMARK [3][-]{subsubsection.9.4.2}{Writing to an I/O Register}{subsection.9.4}% 70
\BOOKMARK [2][-]{subsection.9.5}{Exercise 1: Stepper Motor Controller}{section.9}% 71
\BOOKMARK [1][-]{section.10}{Laboratory Lecture 2: Safe Code}{part.2}% 72
\BOOKMARK [2][-]{subsection.10.1}{Introduction}{section.10}% 73
\BOOKMARK [3][-]{subsubsection.10.1.1}{16x2 LCD Display}{subsection.10.1}% 74
\BOOKMARK [3][-]{subsubsection.10.1.2}{3x4 Keypad}{subsection.10.1}% 75
\BOOKMARK [3][-]{subsubsection.10.1.3}{EEPROM}{subsection.10.1}% 76
\BOOKMARK [2][-]{subsection.10.2}{Exercise 1: Safe Code}{section.10}% 77
\BOOKMARK [1][-]{section.11}{Laboratory Lecture 3: Temperature Measuring using the LM35 sensor.}{part.2}% 78
\BOOKMARK [2][-]{subsection.11.1}{Introduction}{section.11}% 79
\BOOKMARK [3][-]{subsubsection.11.1.1}{Interrupts}{subsection.11.1}% 80
\BOOKMARK [4][-]{paragraph.11.1.1.1}{Enabling Interrupts}{subsubsection.11.1.1}% 81
\BOOKMARK [4][-]{paragraph.11.1.1.2}{Types of Interrupts}{subsubsection.11.1.1}% 82
\BOOKMARK [4][-]{paragraph.11.1.1.3}{External Interrupts: INT0-INT1}{subsubsection.11.1.1}% 83
\BOOKMARK [4][-]{paragraph.11.1.1.4}{External Interrupts: PCINT[23:0]}{subsubsection.11.1.1}% 84
\BOOKMARK [3][-]{subsubsection.11.1.2}{Peripheral Modules}{subsection.11.1}% 85
\BOOKMARK [4][-]{paragraph.11.1.2.1}{Analog Comparator}{subsubsection.11.1.2}% 86
\BOOKMARK [4][-]{paragraph.11.1.2.2}{Analog-to-Digital Converter}{subsubsection.11.1.2}% 87
\BOOKMARK [2][-]{subsection.11.2}{Exercise 1: Temperature measurement using LM35 sensor}{section.11}% 88
\BOOKMARK [1][-]{section.12}{Laboratory Lecture 4: Servomotor Control}{part.2}% 89
\BOOKMARK [2][-]{subsection.12.1}{Introduction}{section.12}% 90
\BOOKMARK [3][-]{subsubsection.12.1.1}{Timers}{subsection.12.1}% 91
\BOOKMARK [4][-]{paragraph.12.1.1.1}{Timer events}{subsubsection.12.1.1}% 92
\BOOKMARK [4][-]{paragraph.12.1.1.2}{Prescaler}{subsubsection.12.1.1}% 93
\BOOKMARK [4][-]{paragraph.12.1.1.3}{Configuration of timers}{subsubsection.12.1.1}% 94
\BOOKMARK [4][-]{paragraph.12.1.1.4}{PWM: Pulse-Width Modulation}{subsubsection.12.1.1}% 95
\BOOKMARK [2][-]{subsection.12.2}{Exercise 1: Servomotor Control}{section.12}% 96
\BOOKMARK [1][-]{figure.caption.132}{References}{part.2}% 97
